SF:C:\Users\avior\Desktop\SHARAGA\PRG_D\X-View\XView.Tests\Document.cs
FN:6,System.Guid Document::get_DocId()
FNDA:0,System.Guid Document::get_DocId()
DA:7,0
FN:7,System.String Document::get_FileName()
FNDA:0,System.String Document::get_FileName()
DA:8,0
FN:8,System.Double Document::get_FileSizeMB()
FNDA:0,System.Double Document::get_FileSizeMB()
DA:9,0
FN:9,System.String Document::get_Format()
FNDA:0,System.String Document::get_Format()
DA:10,0
FN:18,System.Void Document::Validate()
FNDA:0,System.Void Document::Validate()
DA:19,0
DA:21,0
DA:22,0
DA:23,0
DA:27,0
DA:28,0
DA:29,0
DA:33,0
DA:34,0
DA:35,0
DA:37,0
BRDA:21,14,0,0
BRDA:21,14,1,0
BRDA:27,47,0,0
BRDA:27,47,1,0
BRDA:33,156,0,0
BRDA:33,156,1,0
BRDA:33,179,0,0
BRDA:33,179,1,0
LF:15
LH:0
BRF:8
BRH:0
FNF:5
FNH:0
end_of_record
SF:C:\Users\avior\.nuget\packages\microsoft.net.test.sdk\17.14.1\build\net8.0\Microsoft.NET.Test.Sdk.Program.cs
FN:3,System.Void AutoGeneratedProgram::Main(System.String[])
FNDA:0,System.Void AutoGeneratedProgram::Main(System.String[])
DA:4,0
LF:1
LH:0
BRF:0
BRH:0
FNF:1
FNH:0
end_of_record
SF:C:\Users\avior\Desktop\SHARAGA\PRG_D\X-View\XView.Tests\XViewTests.cs
FN:6,System.Void XView.Tests.UnitTest1::Test1()
FNDA:1,System.Void XView.Tests.UnitTest1::Test1()
DA:7,1
DA:9,1
LF:2
LH:2
BRF:0
BRH:0
FNF:1
FNH:1
end_of_record
SF:C:\Users\avior\Desktop\SHARAGA\PRG_D\X-View\XView.Tests\ExportFile.cs
FN:10,System.Guid XView.Core.ExportFile::get_ExportId()
FNDA:0,System.Guid XView.Core.ExportFile::get_ExportId()
DA:11,0
FN:20,System.String XView.Core.ExportFile::GenerateCSV(System.String)
FNDA:0,System.String XView.Core.ExportFile::GenerateCSV(System.String)
DA:21,0
DA:23,0
DA:24,0
DA:25,0
DA:29,0
DA:31,0
DA:34,0
DA:36,0
DA:39,0
DA:40,0
DA:43,0
DA:44,0
DA:45,0
DA:48,0
DA:49,0
DA:51,0
DA:54,0
DA:55,0
DA:56,0
DA:58,0
DA:59,0
DA:62,0
DA:64,0
DA:65,0
DA:67,0
DA:69,0
BRDA:23,9,0,0
BRDA:23,9,1,0
BRDA:34,39,0,0
BRDA:34,39,1,0
BRDA:34,57,0,0
BRDA:34,57,1,0
BRDA:43,295,1,0
BRDA:48,249,1,0
BRDA:51,174,0,0
BRDA:51,174,1,0
BRDA:54,210,0,0
BRDA:54,210,1,0
BRDA:48,249,0,0
BRDA:43,295,0,0
LF:27
LH:0
BRF:14
BRH:0
FNF:2
FNH:0
end_of_record
SF:C:\Users\avior\Desktop\SHARAGA\PRG_D\X-View\XView.Tests\ExtractionJob.cs
FN:8,System.Guid XView.Core.ExtractionJob::get_JobId()
FNDA:0,System.Guid XView.Core.ExtractionJob::get_JobId()
DA:9,0
FN:9,System.String XView.Core.ExtractionJob::get_PromptText()
FNDA:0,System.String XView.Core.ExtractionJob::get_PromptText()
DA:10,0
FN:10,System.String XView.Core.ExtractionJob::get_Status()
FNDA:0,System.String XView.Core.ExtractionJob::get_Status()
DA:11,0
FN:11,Document XView.Core.ExtractionJob::get_TargetDocument()
FNDA:0,Document XView.Core.ExtractionJob::get_TargetDocument()
DA:12,0
FN:14,System.Void XView.Core.ExtractionJob/<ExecuteWithLLMAsync>d__16::MoveNext()
FNDA:0,System.Void XView.Core.ExtractionJob/<ExecuteWithLLMAsync>d__16::MoveNext()
DA:15,0
DA:16,0
DA:18,0
DA:19,0
DA:20,0
DA:22,0
DA:23,0
DA:24,0
DA:26,0
DA:27,0
DA:28,0
DA:30,0
DA:32,0
DA:33,0
DA:34,0
DA:37,0
DA:38,0
DA:40,0
DA:41,0
DA:42,0
DA:44,0
DA:45,0
DA:46,0
DA:47,0
DA:50,0
DA:51,0
DA:52,0
DA:54,0
DA:55,0
BRDA:22,738,1,0
BRDA:32,372,0,0
BRDA:32,372,1,0
BRDA:44,561,0,0
BRDA:44,561,1,0
BRDA:22,738,0,0
FN:57,System.Void XView.Core.ExtractionJob/<MockLLMCallAsync>d__17::MoveNext()
FNDA:0,System.Void XView.Core.ExtractionJob/<MockLLMCallAsync>d__17::MoveNext()
DA:58,0
DA:59,0
DA:60,0
DA:61,0
DA:63,0
DA:64,0
DA:65,0
BRDA:60,45,0,0
BRDA:60,45,1,0
LF:40
LH:0
BRF:8
BRH:0
FNF:6
FNH:0
end_of_record